# JRE version: Java(TM) SE Runtime Environment (7.0_51-b13) (build 1.7.0_51-b13)
# Java VM: Java HotSpot(TM) 64-Bit Server VM (24.51-b03 mixed mode windows-amd64 compressed oops)
Heap
 PSYoungGen      total 26112K, used 23025K [0x00000007d5a00000, 0x00000007d7e00000, 0x0000000800000000)
  eden space 25600K, 88% used [0x00000007d5a00000,0x00000007d703c7f0,0x00000007d7300000)
  from space 512K, 50% used [0x00000007d7380000,0x00000007d73c0000,0x00000007d7400000)
  to   space 5632K, 0% used [0x00000007d7880000,0x00000007d7880000,0x00000007d7e00000)
 ParOldGen       total 86528K, used 4856K [0x0000000780e00000, 0x0000000786280000, 0x00000007d5a00000)
  object space 86528K, 5% used [0x0000000780e00000,0x00000007812be018,0x0000000786280000)
 PSPermGen       total 21504K, used 8944K [0x000000077bc00000, 0x000000077d100000, 0x0000000780e00000)
  object space 21504K, 41% used [0x000000077bc00000,0x000000077c4bc0a0,0x000000077d100000)
GC Heap History (10 events):
Event: 962.278 GC heap before
{Heap before GC invocations=15 (full 0):
 PSYoungGen      total 34816K, used 28416K [0x00000007d5a00000, 0x00000007d8380000, 0x0000000800000000)
  eden space 28160K, 100% used [0x00000007d5a00000,0x00000007d7580000,0x00000007d7580000)
  from space 6656K, 3% used [0x00000007d7d00000,0x00000007d7d40000,0x00000007d8380000)
  to   space 7168K, 0% used [0x00000007d7580000,0x00000007d7580000,0x00000007d7c80000)
 ParOldGen       total 86528K, used 4752K [0x0000000780e00000, 0x0000000786280000, 0x00000007d5a00000)
  object space 86528K, 5% used [0x0000000780e00000,0x00000007812a4018,0x0000000786280000)
 PSPermGen       total 21504K, used 8914K [0x000000077bc00000, 0x000000077d100000, 0x0000000780e00000)
  object space 21504K, 41% used [0x000000077bc00000,0x000000077c4b4b88,0x000000077d100000)
Event: 962.283 GC heap after
Heap after GC invocations=15 (full 0):
 PSYoungGen      total 28160K, used 288K [0x00000007d5a00000, 0x00000007d8200000, 0x0000000800000000)
  eden space 27648K, 0% used [0x00000007d5a00000,0x00000007d5a00000,0x00000007d7500000)
  from space 512K, 56% used [0x00000007d7580000,0x00000007d75c8000,0x00000007d7600000)
  to   space 6656K, 0% used [0x00000007d7b80000,0x00000007d7b80000,0x00000007d8200000)
 ParOldGen       total 86528K, used 4776K [0x0000000780e00000, 0x0000000786280000, 0x00000007d5a00000)
  object space 86528K, 5% used [0x0000000780e00000,0x00000007812aa018,0x0000000786280000)
 PSPermGen       total 21504K, used 8914K [0x000000077bc00000, 0x000000077d100000, 0x0000000780e00000)
  object space 21504K, 41% used [0x000000077bc00000,0x000000077c4b4b88,0x000000077d100000)
}
Event: 1018.159 GC heap before
{Heap before GC invocations=16 (full 0):
 PSYoungGen      total 28160K, used 27936K [0x00000007d5a00000, 0x00000007d8200000, 0x0000000800000000)
  eden space 27648K, 100% used [0x00000007d5a00000,0x00000007d7500000,0x00000007d7500000)
  from space 512K, 56% used [0x00000007d7580000,0x00000007d75c8000,0x00000007d7600000)
  to   space 6656K, 0% used [0x00000007d7b80000,0x00000007d7b80000,0x00000007d8200000)
 ParOldGen       total 86528K, used 4776K [0x0000000780e00000, 0x0000000786280000, 0x00000007d5a00000)
  object space 86528K, 5% used [0x0000000780e00000,0x00000007812aa018,0x0000000786280000)
 PSPermGen       total 21504K, used 8929K [0x000000077bc00000, 0x000000077d100000, 0x0000000780e00000)
  object space 21504K, 41% used [0x000000077bc00000,0x000000077c4b8720,0x000000077d100000)
Event: 1018.164 GC heap after
Heap after GC invocations=16 (full 0):
 PSYoungGen      total 33280K, used 320K [0x00000007d5a00000, 0x00000007d8180000, 0x0000000800000000)
  eden space 27136K, 0% used [0x00000007d5a00000,0x00000007d5a00000,0x00000007d7480000)
  from space 6144K, 5% used [0x00000007d7b80000,0x00000007d7bd0000,0x00000007d8180000)
  to   space 6656K, 0% used [0x00000007d7480000,0x00000007d7480000,0x00000007d7b00000)
 ParOldGen       total 86528K, used 4800K [0x0000000780e00000, 0x0000000786280000, 0x00000007d5a00000)
  object space 86528K, 5% used [0x0000000780e00000,0x00000007812b0018,0x0000000786280000)
 PSPermGen       total 21504K, used 8929K [0x000000077bc00000, 0x000000077d100000, 0x0000000780e00000)
  object space 21504K, 41% used [0x000000077bc00000,0x000000077c4b8720,0x000000077d100000)
}
Event: 1062.474 GC heap before
{Heap before GC invocations=17 (full 0):
 PSYoungGen      total 33280K, used 27456K [0x00000007d5a00000, 0x00000007d8180000, 0x0000000800000000)
  eden space 27136K, 100% used [0x00000007d5a00000,0x00000007d7480000,0x00000007d7480000)
  from space 6144K, 5% used [0x00000007d7b80000,0x00000007d7bd0000,0x00000007d8180000)
  to   space 6656K, 0% used [0x00000007d7480000,0x00000007d7480000,0x00000007d7b00000)
 ParOldGen       total 86528K, used 4800K [0x0000000780e00000, 0x0000000786280000, 0x00000007d5a00000)
  object space 86528K, 5% used [0x0000000780e00000,0x00000007812b0018,0x0000000786280000)
 PSPermGen       total 21504K, used 8938K [0x000000077bc00000, 0x000000077d100000, 0x0000000780e00000)
  object space 21504K, 41% used [0x000000077bc00000,0x000000077c4ba9c8,0x000000077d100000)
Event: 1062.480 GC heap after
Heap after GC invocations=17 (full 0):
 PSYoungGen      total 27136K, used 288K [0x00000007d5a00000, 0x00000007d8000000, 0x0000000800000000)
  eden space 26624K, 0% used [0x00000007d5a00000,0x00000007d5a00000,0x00000007d7400000)
  from space 512K, 56% used [0x00000007d7480000,0x00000007d74c8000,0x00000007d7500000)
  to   space 6144K, 0% used [0x00000007d7a00000,0x00000007d7a00000,0x00000007d8000000)
 ParOldGen       total 86528K, used 4824K [0x0000000780e00000, 0x0000000786280000, 0x00000007d5a00000)
  object space 86528K, 5% used [0x0000000780e00000,0x00000007812b6018,0x0000000786280000)
 PSPermGen       total 21504K, used 8938K [0x000000077bc00000, 0x000000077d100000, 0x0000000780e00000)
  object space 21504K, 41% used [0x000000077bc00000,0x000000077c4ba9c8,0x000000077d100000)
}
Event: 1114.630 GC heap before
{Heap before GC invocations=18 (full 0):
 PSYoungGen      total 27136K, used 26912K [0x00000007d5a00000, 0x00000007d8000000, 0x0000000800000000)
  eden space 26624K, 100% used [0x00000007d5a00000,0x00000007d7400000,0x00000007d7400000)
  from space 512K, 56% used [0x00000007d7480000,0x00000007d74c8000,0x00000007d7500000)
  to   space 6144K, 0% used [0x00000007d7a00000,0x00000007d7a00000,0x00000007d8000000)
 ParOldGen       total 86528K, used 4824K [0x0000000780e00000, 0x0000000786280000, 0x00000007d5a00000)
  object space 86528K, 5% used [0x0000000780e00000,0x00000007812b6018,0x0000000786280000)
 PSPermGen       total 21504K, used 8939K [0x000000077bc00000, 0x000000077d100000, 0x0000000780e00000)
  object space 21504K, 41% used [0x000000077bc00000,0x000000077c4bae18,0x000000077d100000)
Event: 1114.644 GC heap after
Heap after GC invocations=18 (full 0):
 PSYoungGen      total 31744K, used 352K [0x00000007d5a00000, 0x00000007d7f80000, 0x0000000800000000)
  eden space 26112K, 0% used [0x00000007d5a00000,0x00000007d5a00000,0x00000007d7380000)
  from space 5632K, 6% used [0x00000007d7a00000,0x00000007d7a58000,0x00000007d7f80000)
  to   space 6144K, 0% used [0x00000007d7380000,0x00000007d7380000,0x00000007d7980000)
 ParOldGen       total 86528K, used 4840K [0x0000000780e00000, 0x0000000786280000, 0x00000007d5a00000)
  object space 86528K, 5% used [0x0000000780e00000,0x00000007812ba018,0x0000000786280000)
 PSPermGen       total 21504K, used 8939K [0x000000077bc00000, 0x000000077d100000, 0x0000000780e00000)
  object space 21504K, 41% used [0x000000077bc00000,0x000000077c4bae18,0x000000077d100000)
}
Event: 1166.182 GC heap before
{Heap before GC invocations=19 (full 0):
 PSYoungGen      total 31744K, used 26464K [0x00000007d5a00000, 0x00000007d7f80000, 0x0000000800000000)
  eden space 26112K, 100% used [0x00000007d5a00000,0x00000007d7380000,0x00000007d7380000)
  from space 5632K, 6% used [0x00000007d7a00000,0x00000007d7a58000,0x00000007d7f80000)
  to   space 6144K, 0% used [0x00000007d7380000,0x00000007d7380000,0x00000007d7980000)
 ParOldGen       total 86528K, used 4840K [0x0000000780e00000, 0x0000000786280000, 0x00000007d5a00000)
  object space 86528K, 5% used [0x0000000780e00000,0x00000007812ba018,0x0000000786280000)
 PSPermGen       total 21504K, used 8942K [0x000000077bc00000, 0x000000077d100000, 0x0000000780e00000)
  object space 21504K, 41% used [0x000000077bc00000,0x000000077c4bb948,0x000000077d100000)
Event: 1166.185 GC heap after
Heap after GC invocations=19 (full 0):
 PSYoungGen      total 26112K, used 256K [0x00000007d5a00000, 0x00000007d7e00000, 0x0000000800000000)
  eden space 25600K, 0% used [0x00000007d5a00000,0x00000007d5a00000,0x00000007d7300000)
  from space 512K, 50% used [0x00000007d7380000,0x00000007d73c0000,0x00000007d7400000)
  to   space 5632K, 0% used [0x00000007d7880000,0x00000007d7880000,0x00000007d7e00000)
 ParOldGen       total 86528K, used 4856K [0x0000000780e00000, 0x0000000786280000, 0x00000007d5a00000)
  object space 86528K, 5% used [0x0000000780e00000,0x00000007812be018,0x0000000786280000)
 PSPermGen       total 21504K, used 8942K [0x000000077bc00000, 0x000000077d100000, 0x0000000780e00000)
  object space 21504K, 41% used [0x000000077bc00000,0x000000077c4bb948,0x000000077d100000)
}

